app/build/outputs/logs/manifest-merger-release-report.txt
-- Merging decision tree log ---
manifest
ADDED from AndroidManifest.xml:2:1
	xmlns:android
		ADDED from AndroidManifest.xml:2:11
	package
		ADDED from AndroidManifest.xml:3:5
		INJECTED from AndroidManifest.xml:0:0
		INJECTED from AndroidManifest.xml:0:0
	android:versionName
		INJECTED from AndroidManifest.xml:0:0
		INJECTED from AndroidManifest.xml:0:0
	android:versionCode
		INJECTED from AndroidManifest.xml:0:0
		INJECTED from AndroidManifest.xml:0:0
application
ADDED from AndroidManifest.xml:5:5
MERGED from com.android.support:appcompat-v7:22.2.1:22:5
MERGED from com.android.support:support-v4:22.2.1:22:5
	android:label
		ADDED from AndroidManifest.xml:8:9
	android:allowBackup
		ADDED from AndroidManifest.xml:6:9
	android:icon
		ADDED from AndroidManifest.xml:7:9
	android:theme
		ADDED from AndroidManifest.xml:9:9
activity#com.fakemoneydetector.asr.fakemoneydetector.MainActivity
ADDED from AndroidManifest.xml:10:9
	android:label
		ADDED from AndroidManifest.xml:12:13
	android:name
		ADDED from AndroidManifest.xml:11:13
intent-filter#android.intent.action.MAIN+android.intent.category.LAUNCHER
ADDED from AndroidManifest.xml:13:13
action#android.intent.action.MAIN
ADDED from AndroidManifest.xml:14:17
	android:name
		ADDED from AndroidManifest.xml:14:25
category#android.intent.category.LAUNCHER
ADDED from AndroidManifest.xml:16:17
	android:name
		ADDED from AndroidManifest.xml:16:27
activity#com.fakemoneydetector.asr.fakemoneydetector.Touch
ADDED from AndroidManifest.xml:20:9
	android:label
		ADDED from AndroidManifest.xml:22:13
	android:name
		ADDED from AndroidManifest.xml:21:13
intent-filter#android.intent.action.MAIN+android.intent.category.DEFAULT
ADDED from AndroidManifest.xml:23:13
category#android.intent.category.DEFAULT
ADDED from AndroidManifest.xml:26:17
	android:name
		ADDED from AndroidManifest.xml:26:27
activity#com.fakemoneydetector.asr.fakemoneydetector.Transparency
ADDED from AndroidManifest.xml:29:9
	android:label
		ADDED from AndroidManifest.xml:31:13
	android:name
		ADDED from AndroidManifest.xml:30:13
activity#com.fakemoneydetector.asr.fakemoneydetector.Details
ADDED from AndroidManifest.xml:38:9
	android:label
		ADDED from AndroidManifest.xml:40:13
	android:name
		ADDED from AndroidManifest.xml:39:13
activity#com.fakemoneydetector.asr.fakemoneydetector.Touch100
ADDED from AndroidManifest.xml:47:9
	android:label
		ADDED from AndroidManifest.xml:49:13
	android:name
		ADDED from AndroidManifest.xml:48:13
activity#com.fakemoneydetector.asr.fakemoneydetector.Touch500
ADDED from AndroidManifest.xml:56:9
	android:label
		ADDED from AndroidManifest.xml:58:13
	android:name
		ADDED from AndroidManifest.xml:57:13
activity#com.fakemoneydetector.asr.fakemoneydetector.Touch1000
ADDED from AndroidManifest.xml:65:9
	android:label
		ADDED from AndroidManifest.xml:67:13
	android:name
		ADDED from AndroidManifest.xml:66:13
activity#com.fakemoneydetector.asr.fakemoneydetector.Touch100_1
ADDED from AndroidManifest.xml:74:9
	android:label
		ADDED from AndroidManifest.xml:76:13
	android:name
		ADDED from AndroidManifest.xml:75:13
activity#com.fakemoneydetector.asr.fakemoneydetector.Touch100_2
ADDED from AndroidManifest.xml:83:9
	android:label
		ADDED from AndroidManifest.xml:85:13
	android:name
		ADDED from AndroidManifest.xml:84:13
activity#com.fakemoneydetector.asr.fakemoneydetector.Touch500_1
ADDED from AndroidManifest.xml:92:9
	android:label
		ADDED from AndroidManifest.xml:94:13
	android:name
		ADDED from AndroidManifest.xml:93:13
activity#com.fakemoneydetector.asr.fakemoneydetector.Touch500_2
ADDED from AndroidManifest.xml:101:9
	android:label
		ADDED from AndroidManifest.xml:103:13
	android:name
		ADDED from AndroidManifest.xml:102:13
activity#com.fakemoneydetector.asr.fakemoneydetector.Touch1000_1
ADDED from AndroidManifest.xml:110:9
	android:label
		ADDED from AndroidManifest.xml:112:13
	android:name
		ADDED from AndroidManifest.xml:111:13
activity#com.fakemoneydetector.asr.fakemoneydetector.Touch1000_2
ADDED from AndroidManifest.xml:119:9
	android:label
		ADDED from AndroidManifest.xml:121:13
	android:name
		ADDED from AndroidManifest.xml:120:13
activity#com.fakemoneydetector.asr.fakemoneydetector.Trans100
ADDED from AndroidManifest.xml:128:9
	android:label
		ADDED from AndroidManifest.xml:130:13
	android:name
		ADDED from AndroidManifest.xml:129:13
activity#com.fakemoneydetector.asr.fakemoneydetector.Trans500
ADDED from AndroidManifest.xml:137:9
	android:label
		ADDED from AndroidManifest.xml:139:13
	android:name
		ADDED from AndroidManifest.xml:138:13
activity#com.fakemoneydetector.asr.fakemoneydetector.Trans1000
ADDED from AndroidManifest.xml:146:9
	android:label
		ADDED from AndroidManifest.xml:148:13
	android:name
		ADDED from AndroidManifest.xml:147:13
activity#com.fakemoneydetector.asr.fakemoneydetector.Trans100_1
ADDED from AndroidManifest.xml:155:9
	android:label
		ADDED from AndroidManifest.xml:157:13
	android:name
		ADDED from AndroidManifest.xml:156:13
activity#com.fakemoneydetector.asr.fakemoneydetector.Trans100_2
ADDED from AndroidManifest.xml:164:9
	android:label
		ADDED from AndroidManifest.xml:166:13
	android:name
		ADDED from AndroidManifest.xml:165:13
activity#com.fakemoneydetector.asr.fakemoneydetector.Trans500_1
ADDED from AndroidManifest.xml:173:9
	android:label
		ADDED from AndroidManifest.xml:175:13
	android:name
		ADDED from AndroidManifest.xml:174:13
activity#com.fakemoneydetector.asr.fakemoneydetector.Trans500_2
ADDED from AndroidManifest.xml:182:9
	android:label
		ADDED from AndroidManifest.xml:184:13
	android:name
		ADDED from AndroidManifest.xml:183:13
activity#com.fakemoneydetector.asr.fakemoneydetector.Trans1000_1
ADDED from AndroidManifest.xml:191:9
	android:label
		ADDED from AndroidManifest.xml:193:13
	android:name
		ADDED from AndroidManifest.xml:192:13
activity#com.fakemoneydetector.asr.fakemoneydetector.Trans1000_2
ADDED from AndroidManifest.xml:200:9
	android:label
		ADDED from AndroidManifest.xml:202:13
	android:name
		ADDED from AndroidManifest.xml:201:13
activity#com.fakemoneydetector.asr.fakemoneydetector.Details100
ADDED from AndroidManifest.xml:209:9
	android:label
		ADDED from AndroidManifest.xml:211:13
	android:name
		ADDED from AndroidManifest.xml:210:13
activity#com.fakemoneydetector.asr.fakemoneydetector.Details500
ADDED from AndroidManifest.xml:218:9
	android:label
		ADDED from AndroidManifest.xml:220:13
	android:name
		ADDED from AndroidManifest.xml:219:13
activity#com.fakemoneydetector.asr.fakemoneydetector.Details1000
ADDED from AndroidManifest.xml:227:9
	android:label
		ADDED from AndroidManifest.xml:229:13
	android:name
		ADDED from AndroidManifest.xml:228:13
activity#com.fakemoneydetector.asr.fakemoneydetector.Details100_1
ADDED from AndroidManifest.xml:236:9
	android:label
		ADDED from AndroidManifest.xml:238:13
	android:name
		ADDED from AndroidManifest.xml:237:13
activity#com.fakemoneydetector.asr.fakemoneydetector.Details100_2
ADDED from AndroidManifest.xml:245:9
	android:label
		ADDED from AndroidManifest.xml:247:13
	android:name
		ADDED from AndroidManifest.xml:246:13
activity#com.fakemoneydetector.asr.fakemoneydetector.D_100_1_d1
ADDED from AndroidManifest.xml:254:9
	android:label
		ADDED from AndroidManifest.xml:256:13
	android:name
		ADDED from AndroidManifest.xml:255:13
activity#com.fakemoneydetector.asr.fakemoneydetector.D_100_1_d2
ADDED from AndroidManifest.xml:263:9
	android:label
		ADDED from AndroidManifest.xml:265:13
	android:name
		ADDED from AndroidManifest.xml:264:13
activity#com.fakemoneydetector.asr.fakemoneydetector.D_100_1_d3
ADDED from AndroidManifest.xml:272:9
	android:label
		ADDED from AndroidManifest.xml:274:13
	android:name
		ADDED from AndroidManifest.xml:273:13
activity#com.fakemoneydetector.asr.fakemoneydetector.D_100_1_d4
ADDED from AndroidManifest.xml:281:9
	android:label
		ADDED from AndroidManifest.xml:283:13
	android:name
		ADDED from AndroidManifest.xml:282:13
activity#com.fakemoneydetector.asr.fakemoneydetector.D_100_2_d1
ADDED from AndroidManifest.xml:290:9
	android:label
		ADDED from AndroidManifest.xml:292:13
	android:name
		ADDED from AndroidManifest.xml:291:13
activity#com.fakemoneydetector.asr.fakemoneydetector.D_100_2_d2
ADDED from AndroidManifest.xml:299:9
	android:label
		ADDED from AndroidManifest.xml:301:13
	android:name
		ADDED from AndroidManifest.xml:300:13
activity#com.fakemoneydetector.asr.fakemoneydetector.D_100_2_d3
ADDED from AndroidManifest.xml:308:9
	android:label
		ADDED from AndroidManifest.xml:310:13
	android:name
		ADDED from AndroidManifest.xml:309:13
activity#com.fakemoneydetector.asr.fakemoneydetector.D_100_2_d4
ADDED from AndroidManifest.xml:317:9
	android:label
		ADDED from AndroidManifest.xml:319:13
	android:name
		ADDED from AndroidManifest.xml:318:13
activity#com.fakemoneydetector.asr.fakemoneydetector.Details500_1
ADDED from AndroidManifest.xml:326:9
	android:label
		ADDED from AndroidManifest.xml:328:13
	android:name
		ADDED from AndroidManifest.xml:327:13
activity#com.fakemoneydetector.asr.fakemoneydetector.Details500_2
ADDED from AndroidManifest.xml:335:9
	android:label
		ADDED from AndroidManifest.xml:337:13
	android:name
		ADDED from AndroidManifest.xml:336:13
activity#com.fakemoneydetector.asr.fakemoneydetector.D_500_1_d1
ADDED from AndroidManifest.xml:344:9
	android:label
		ADDED from AndroidManifest.xml:346:13
	android:name
		ADDED from AndroidManifest.xml:345:13
activity#com.fakemoneydetector.asr.fakemoneydetector.D_500_1_d2
ADDED from AndroidManifest.xml:353:9
	android:label
		ADDED from AndroidManifest.xml:355:13
	android:name
		ADDED from AndroidManifest.xml:354:13
activity#com.fakemoneydetector.asr.fakemoneydetector.D_500_1_d3
ADDED from AndroidManifest.xml:362:9
	android:label
		ADDED from AndroidManifest.xml:364:13
	android:name
		ADDED from AndroidManifest.xml:363:13
activity#com.fakemoneydetector.asr.fakemoneydetector.D_500_1_d4
ADDED from AndroidManifest.xml:371:9
	android:label
		ADDED from AndroidManifest.xml:373:13
	android:name
		ADDED from AndroidManifest.xml:372:13
activity#com.fakemoneydetector.asr.fakemoneydetector.D_500_2_d1
ADDED from AndroidManifest.xml:380:9
	android:label
		ADDED from AndroidManifest.xml:382:13
	android:name
		ADDED from AndroidManifest.xml:381:13
activity#com.fakemoneydetector.asr.fakemoneydetector.D_500_2_d2
ADDED from AndroidManifest.xml:389:9
	android:label
		ADDED from AndroidManifest.xml:391:13
	android:name
		ADDED from AndroidManifest.xml:390:13
activity#com.fakemoneydetector.asr.fakemoneydetector.D_500_2_d3
ADDED from AndroidManifest.xml:398:9
	android:label
		ADDED from AndroidManifest.xml:400:13
	android:name
		ADDED from AndroidManifest.xml:399:13
activity#com.fakemoneydetector.asr.fakemoneydetector.D_500_2_d4
ADDED from AndroidManifest.xml:407:9
	android:label
		ADDED from AndroidManifest.xml:409:13
	android:name
		ADDED from AndroidManifest.xml:408:13
activity#com.fakemoneydetector.asr.fakemoneydetector.Details1000_1
ADDED from AndroidManifest.xml:416:9
	android:label
		ADDED from AndroidManifest.xml:418:13
	android:name
		ADDED from AndroidManifest.xml:417:13
activity#com.fakemoneydetector.asr.fakemoneydetector.Details1000_2
ADDED from AndroidManifest.xml:425:9
	android:label
		ADDED from AndroidManifest.xml:427:13
	android:name
		ADDED from AndroidManifest.xml:426:13
activity#com.fakemoneydetector.asr.fakemoneydetector.D_1000_1_d1
ADDED from AndroidManifest.xml:434:9
	android:label
		ADDED from AndroidManifest.xml:436:13
	android:name
		ADDED from AndroidManifest.xml:435:13
activity#com.fakemoneydetector.asr.fakemoneydetector.D_1000_1_d2
ADDED from AndroidManifest.xml:443:9
	android:label
		ADDED from AndroidManifest.xml:445:13
	android:name
		ADDED from AndroidManifest.xml:444:13
activity#com.fakemoneydetector.asr.fakemoneydetector.D_1000_1_d3
ADDED from AndroidManifest.xml:452:9
	android:label
		ADDED from AndroidManifest.xml:454:13
	android:name
		ADDED from AndroidManifest.xml:453:13
activity#com.fakemoneydetector.asr.fakemoneydetector.D_1000_1_d4
ADDED from AndroidManifest.xml:461:9
	android:label
		ADDED from AndroidManifest.xml:463:13
	android:name
		ADDED from AndroidManifest.xml:462:13
activity#com.fakemoneydetector.asr.fakemoneydetector.D_1000_2_d1
ADDED from AndroidManifest.xml:470:9
	android:label
		ADDED from AndroidManifest.xml:472:13
	android:name
		ADDED from AndroidManifest.xml:471:13
activity#com.fakemoneydetector.asr.fakemoneydetector.D_1000_2_d2
ADDED from AndroidManifest.xml:479:9
	android:label
		ADDED from AndroidManifest.xml:481:13
	android:name
		ADDED from AndroidManifest.xml:480:13
activity#com.fakemoneydetector.asr.fakemoneydetector.D_1000_2_d3
ADDED from AndroidManifest.xml:488:9
	android:label
		ADDED from AndroidManifest.xml:490:13
	android:name
		ADDED from AndroidManifest.xml:489:13
activity#com.fakemoneydetector.asr.fakemoneydetector.D_1000_2_d4
ADDED from AndroidManifest.xml:497:9
	android:label
		ADDED from AndroidManifest.xml:499:13
	android:name
		ADDED from AndroidManifest.xml:498:13
uses-sdk
INJECTED from AndroidManifest.xml:0:0 reason: use-sdk injection requested
MERGED from com.android.support:appcompat-v7:22.2.1:20:5
MERGED from com.android.support:support-v4:22.2.1:20:5
	android:targetSdkVersion
		INJECTED from AndroidManifest.xml:0:0
		INJECTED from AndroidManifest.xml:0:0
	android:minSdkVersion
		INJECTED from AndroidManifest.xml:0:0
		INJECTED from AndroidManifest.xml:0:0